mode: set
baseball_report/internal/scheduler/get_match_scheduler.go:20.58,21.39 1 1
baseball_report/internal/scheduler/get_match_scheduler.go:21.39,24.3 2 0
baseball_report/internal/scheduler/get_match_scheduler.go:28.30,32.16 3 1
baseball_report/internal/scheduler/get_match_scheduler.go:32.16,35.3 2 1
baseball_report/internal/scheduler/get_match_scheduler.go:37.2,38.16 2 1
baseball_report/internal/scheduler/get_match_scheduler.go:38.16,41.3 2 1
baseball_report/internal/scheduler/get_match_scheduler.go:43.2,44.16 2 1
baseball_report/internal/scheduler/get_match_scheduler.go:44.16,47.3 2 0
baseball_report/internal/scheduler/get_match_scheduler.go:50.2,50.23 1 1
baseball_report/internal/scheduler/get_match_scheduler.go:50.23,53.17 3 1
baseball_report/internal/scheduler/get_match_scheduler.go:53.17,56.4 2 1
baseball_report/internal/scheduler/get_match_scheduler.go:57.3,58.17 2 1
baseball_report/internal/scheduler/get_match_scheduler.go:58.17,61.4 2 1
baseball_report/internal/scheduler/get_match_scheduler.go:62.3,62.33 1 1
baseball_report/internal/scheduler/get_match_scheduler.go:62.33,65.18 2 1
baseball_report/internal/scheduler/get_match_scheduler.go:65.18,67.5 1 1
baseball_report/internal/scheduler/get_match_scheduler.go:69.8,71.3 1 1
baseball_report/internal/scheduler/get_match_scheduler.go:72.2,72.51 1 1
